<?xml version="1.0" encoding="UTF-8"?>
<!-- Generated by org.testng.reporters.JUnitXMLReporter -->
<testsuite hostname="DESKTOP-H4LHD4U" name="TS_Login" tests="2" failures="0" timestamp="16 Apr 2020 10:04:11 GMT" time="0.018" errors="0">
  <testcase name="@BeforeSuite setup" time="0.0" classname="tests.TS_Login">
    <failure type="org.testng.TestNGException" message="
Parameter &amp;apos;browser&amp;apos; is required by @Configuration on method setup but has not been marked @Optional or defined
in C:\Users\Vrushali\git\GitJenkinsIntegration\GitIntegration\testng.xml">
      <![CDATA[org.testng.TestNGException: 
Parameter 'browser' is required by @Configuration on method setup but has not been marked @Optional or defined
in C:\Users\Vrushali\git\GitJenkinsIntegration\GitIntegration\testng.xml
... Removed 16 stack frames]]>
    </failure>
  </testcase> <!-- @BeforeSuite setup -->
  <testcase name="intializePageFactory" time="0.003" classname="tests.TS_Login">
    <skipped/>
  </testcase> <!-- intializePageFactory -->
  <testcase name="login" time="0.001" classname="tests.TS_Login">
    <skipped/>
  </testcase> <!-- login -->
</testsuite> <!-- TS_Login -->
